Arguments: 
  /var/lib/snapd/snap/node/2913/bin/node /snap/node/2913/bin/yarn.js config get registry

PATH: 
  /home/luan/.zinit/polaris/sbin:/home/luan/.zinit/polaris/bin:/home/luan/.local/bin:/usr/local/bin:/usr/local/sbin:/usr/bin:/usr/lib/jvm/default/bin:/usr/bin/site_perl:/usr/bin/vendor_perl:/usr/bin/core_perl:/var/lib/snapd/snap/bin

Yarn version: 
  1.22.4

Node version: 
  12.18.3

Platform: 
  linux x64

Trace: 
  Error: EACCES: permission denied, write
      at writeSync (fs.js:679:3)
      at SyncWriteStream._write (internal/fs/sync_write_stream.js:24:3)
      at doWrite (_stream_writable.js:403:12)
      at writeOrBuffer (_stream_writable.js:387:5)
      at SyncWriteStream.Writable.write (_stream_writable.js:318:11)
      at ConsoleReporter._log (/var/lib/snapd/snap/node/2913/lib/cli.js:96769:17)
      at ConsoleReporter.log (/var/lib/snapd/snap/node/2913/lib/cli.js:96757:10)
      at get (/var/lib/snapd/snap/node/2913/lib/cli.js:87535:14)
      at Object.<anonymous> (/var/lib/snapd/snap/node/2913/lib/cli.js:25940:25)
      at Generator.next (<anonymous>)

npm manifest: 
  {
    "name": "05-primeiro-projeto-react",
    "version": "0.1.0",
    "private": true
  }

yarn manifest: 
  No manifest

Lockfile: 
  No lockfile
